<?xml version="1.0" encoding="UTF-8"?>
<coverage generated="1703543359899" clover="3.2.0">
  <project timestamp="1703543359899" name="All files">
    <metrics statements="127" coveredstatements="127" conditionals="40" coveredconditionals="39" methods="3" coveredmethods="3" elements="170" coveredelements="169" complexity="0" loc="127" ncloc="127" packages="2" files="2" classes="2"/>
    <package name="app">
      <metrics statements="93" coveredstatements="93" conditionals="38" coveredconditionals="37" methods="3" coveredmethods="3"/>
      <file name="gilded-rose.ts" path="/home/mert/Projects/MertProjects/GildedRose/app/gilded-rose.ts">
        <metrics statements="93" coveredstatements="93" conditionals="38" coveredconditionals="37" methods="3" coveredmethods="3"/>
        <line num="1" count="2" type="cond" truecount="1" falsecount="0"/>
        <line num="2" count="2" type="stmt"/>
        <line num="3" count="2" type="stmt"/>
        <line num="4" count="2" type="stmt"/>
        <line num="5" count="2" type="stmt"/>
        <line num="6" count="2" type="cond" truecount="1" falsecount="0"/>
        <line num="7" count="14" type="stmt"/>
        <line num="8" count="14" type="stmt"/>
        <line num="9" count="14" type="stmt"/>
        <line num="10" count="14" type="stmt"/>
        <line num="11" count="2" type="stmt"/>
        <line num="12" count="1" type="stmt"/>
        <line num="13" count="2" type="cond" truecount="1" falsecount="0"/>
        <line num="14" count="2" type="stmt"/>
        <line num="15" count="2" type="stmt"/>
        <line num="16" count="2" type="cond" truecount="1" falsecount="1"/>
        <line num="17" count="6" type="cond" truecount="1" falsecount="0"/>
        <line num="18" count="6" type="cond" truecount="1" falsecount="0"/>
        <line num="19" count="5" type="cond" truecount="1" falsecount="0"/>
        <line num="20" count="5" type="stmt"/>
        <line num="21" count="5" type="cond" truecount="1" falsecount="0"/>
        <line num="22" count="5" type="cond" truecount="1" falsecount="0"/>
        <line num="23" count="5" type="stmt"/>
        <line num="24" count="5" type="stmt"/>
        <line num="25" count="6" type="cond" truecount="1" falsecount="0"/>
        <line num="26" count="4" type="cond" truecount="1" falsecount="0"/>
        <line num="27" count="4" type="stmt"/>
        <line num="28" count="4" type="cond" truecount="1" falsecount="0"/>
        <line num="29" count="4" type="cond" truecount="1" falsecount="0"/>
        <line num="30" count="4" type="stmt"/>
        <line num="31" count="4" type="stmt"/>
        <line num="32" count="6" type="cond" truecount="2" falsecount="0"/>
        <line num="33" count="3" type="stmt"/>
        <line num="34" count="3" type="stmt"/>
        <line num="35" count="2" type="stmt"/>
        <line num="36" count="2" type="cond" truecount="1" falsecount="0"/>
        <line num="37" count="32" type="cond" truecount="1" falsecount="0"/>
        <line num="38" count="280" type="stmt"/>
        <line num="39" count="280" type="cond" truecount="1" falsecount="0"/>
        <line num="40" count="249" type="stmt"/>
        <line num="41" count="280" type="cond" truecount="1" falsecount="0"/>
        <line num="42" count="156" type="cond" truecount="1" falsecount="0"/>
        <line num="43" count="88" type="cond" truecount="1" falsecount="0"/>
        <line num="44" count="26" type="stmt"/>
        <line num="45" count="26" type="stmt"/>
        <line num="46" count="88" type="stmt"/>
        <line num="47" count="280" type="cond" truecount="1" falsecount="0"/>
        <line num="48" count="124" type="cond" truecount="1" falsecount="0"/>
        <line num="49" count="103" type="stmt"/>
        <line num="50" count="103" type="stmt"/>
        <line num="51" count="103" type="stmt"/>
        <line num="52" count="103" type="cond" truecount="1" falsecount="0"/>
        <line num="53" count="77" type="cond" truecount="1" falsecount="0"/>
        <line num="54" count="72" type="cond" truecount="1" falsecount="0"/>
        <line num="55" count="70" type="stmt"/>
        <line num="56" count="70" type="stmt"/>
        <line num="57" count="72" type="stmt"/>
        <line num="58" count="77" type="cond" truecount="1" falsecount="0"/>
        <line num="59" count="66" type="cond" truecount="1" falsecount="0"/>
        <line num="60" count="65" type="stmt"/>
        <line num="61" count="65" type="stmt"/>
        <line num="62" count="66" type="stmt"/>
        <line num="63" count="77" type="stmt"/>
        <line num="64" count="103" type="stmt"/>
        <line num="65" count="124" type="stmt"/>
        <line num="66" count="280" type="cond" truecount="1" falsecount="0"/>
        <line num="67" count="218" type="stmt"/>
        <line num="68" count="218" type="stmt"/>
        <line num="69" count="280" type="cond" truecount="1" falsecount="0"/>
        <line num="70" count="199" type="cond" truecount="1" falsecount="0"/>
        <line num="71" count="170" type="stmt"/>
        <line num="72" count="170" type="stmt"/>
        <line num="73" count="170" type="cond" truecount="1" falsecount="0"/>
        <line num="74" count="107" type="cond" truecount="1" falsecount="0"/>
        <line num="75" count="38" type="cond" truecount="1" falsecount="0"/>
        <line num="76" count="7" type="stmt"/>
        <line num="77" count="7" type="stmt"/>
        <line num="78" count="38" type="stmt"/>
        <line num="79" count="170" type="cond" truecount="1" falsecount="0"/>
        <line num="80" count="63" type="stmt"/>
        <line num="81" count="63" type="stmt"/>
        <line num="82" count="63" type="stmt"/>
        <line num="83" count="199" type="cond" truecount="1" falsecount="0"/>
        <line num="84" count="29" type="cond" truecount="1" falsecount="0"/>
        <line num="85" count="24" type="stmt"/>
        <line num="86" count="24" type="stmt"/>
        <line num="87" count="29" type="stmt"/>
        <line num="88" count="199" type="stmt"/>
        <line num="89" count="280" type="stmt"/>
        <line num="90" count="32" type="stmt"/>
        <line num="91" count="32" type="stmt"/>
        <line num="92" count="32" type="stmt"/>
        <line num="93" count="2" type="stmt"/>
      </file>
    </package>
    <package name="test">
      <metrics statements="34" coveredstatements="34" conditionals="2" coveredconditionals="2" methods="0" coveredmethods="0"/>
      <file name="golden-master-text-test.ts" path="/home/mert/Projects/MertProjects/GildedRose/test/golden-master-text-test.ts">
        <metrics statements="34" coveredstatements="34" conditionals="2" coveredconditionals="2" methods="0" coveredmethods="0"/>
        <line num="1" count="1" type="stmt"/>
        <line num="2" count="1" type="stmt"/>
        <line num="3" count="1" type="stmt"/>
        <line num="4" count="1" type="stmt"/>
        <line num="5" count="1" type="stmt"/>
        <line num="6" count="1" type="stmt"/>
        <line num="7" count="1" type="stmt"/>
        <line num="8" count="1" type="stmt"/>
        <line num="9" count="1" type="stmt"/>
        <line num="10" count="1" type="stmt"/>
        <line num="11" count="1" type="stmt"/>
        <line num="12" count="1" type="stmt"/>
        <line num="13" count="1" type="stmt"/>
        <line num="14" count="1" type="stmt"/>
        <line num="15" count="1" type="stmt"/>
        <line num="16" count="1" type="stmt"/>
        <line num="17" count="1" type="stmt"/>
        <line num="18" count="1" type="stmt"/>
        <line num="19" count="1" type="stmt"/>
        <line num="20" count="1" type="stmt"/>
        <line num="21" count="1" type="stmt"/>
        <line num="22" count="1" type="stmt"/>
        <line num="23" count="1" type="stmt"/>
        <line num="24" count="1" type="stmt"/>
        <line num="25" count="1" type="cond" truecount="1" falsecount="0"/>
        <line num="26" count="31" type="stmt"/>
        <line num="27" count="31" type="stmt"/>
        <line num="28" count="31" type="cond" truecount="1" falsecount="0"/>
        <line num="29" count="279" type="stmt"/>
        <line num="30" count="279" type="stmt"/>
        <line num="31" count="31" type="stmt"/>
        <line num="32" count="31" type="stmt"/>
        <line num="33" count="31" type="stmt"/>
        <line num="34" count="31" type="stmt"/>
      </file>
    </package>
  </project>
</coverage>
