{"/home/mert/Projects/MertProjects/GildedRose/app/gilded-rose.ts": {"path":"/home/mert/Projects/MertProjects/GildedRose/app/gilded-rose.ts","all":false,"statementMap":{"0":{"start":{"line":1,"column":0},"end":{"line":1,"column":19}},"1":{"start":{"line":2,"column":0},"end":{"line":2,"column":15}},"2":{"start":{"line":3,"column":0},"end":{"line":3,"column":17}},"3":{"start":{"line":4,"column":0},"end":{"line":4,"column":18}},"4":{"start":{"line":5,"column":0},"end":{"line":5,"column":0}},"5":{"start":{"line":6,"column":0},"end":{"line":6,"column":38}},"6":{"start":{"line":7,"column":0},"end":{"line":7,"column":21}},"7":{"start":{"line":8,"column":0},"end":{"line":8,"column":25}},"8":{"start":{"line":9,"column":0},"end":{"line":9,"column":27}},"9":{"start":{"line":10,"column":0},"end":{"line":10,"column":3}},"10":{"start":{"line":11,"column":0},"end":{"line":11,"column":1}},"11":{"start":{"line":12,"column":0},"end":{"line":12,"column":0}},"12":{"start":{"line":13,"column":0},"end":{"line":13,"column":25}},"13":{"start":{"line":14,"column":0},"end":{"line":14,"column":21}},"14":{"start":{"line":15,"column":0},"end":{"line":15,"column":0}},"15":{"start":{"line":16,"column":0},"end":{"line":16,"column":42}},"16":{"start":{"line":17,"column":0},"end":{"line":17,"column":47}},"17":{"start":{"line":18,"column":0},"end":{"line":18,"column":57}},"18":{"start":{"line":19,"column":0},"end":{"line":19,"column":8}},"19":{"start":{"line":20,"column":0},"end":{"line":20,"column":17}},"20":{"start":{"line":21,"column":0},"end":{"line":21,"column":17}},"21":{"start":{"line":22,"column":0},"end":{"line":22,"column":73}},"22":{"start":{"line":23,"column":0},"end":{"line":23,"column":7}},"23":{"start":{"line":24,"column":0},"end":{"line":24,"column":5}},"24":{"start":{"line":25,"column":0},"end":{"line":25,"column":73}},"25":{"start":{"line":26,"column":0},"end":{"line":26,"column":8}},"26":{"start":{"line":27,"column":0},"end":{"line":27,"column":17}},"27":{"start":{"line":28,"column":0},"end":{"line":28,"column":17}},"28":{"start":{"line":29,"column":0},"end":{"line":29,"column":75}},"29":{"start":{"line":30,"column":0},"end":{"line":30,"column":7}},"30":{"start":{"line":31,"column":0},"end":{"line":31,"column":5}},"31":{"start":{"line":32,"column":0},"end":{"line":32,"column":76}},"32":{"start":{"line":33,"column":0},"end":{"line":33,"column":23}},"33":{"start":{"line":34,"column":0},"end":{"line":34,"column":3}},"34":{"start":{"line":35,"column":0},"end":{"line":35,"column":0}},"35":{"start":{"line":36,"column":0},"end":{"line":36,"column":19}},"36":{"start":{"line":37,"column":0},"end":{"line":37,"column":49}},"37":{"start":{"line":38,"column":0},"end":{"line":38,"column":10}},"38":{"start":{"line":39,"column":0},"end":{"line":39,"column":44}},"39":{"start":{"line":40,"column":0},"end":{"line":40,"column":73}},"40":{"start":{"line":41,"column":0},"end":{"line":41,"column":9}},"41":{"start":{"line":42,"column":0},"end":{"line":42,"column":40}},"42":{"start":{"line":43,"column":0},"end":{"line":43,"column":67}},"43":{"start":{"line":44,"column":0},"end":{"line":44,"column":62}},"44":{"start":{"line":45,"column":0},"end":{"line":45,"column":11}},"45":{"start":{"line":46,"column":0},"end":{"line":46,"column":9}},"46":{"start":{"line":47,"column":0},"end":{"line":47,"column":14}},"47":{"start":{"line":48,"column":0},"end":{"line":48,"column":41}},"48":{"start":{"line":49,"column":0},"end":{"line":49,"column":60}},"49":{"start":{"line":50,"column":0},"end":{"line":50,"column":14}},"50":{"start":{"line":51,"column":0},"end":{"line":51,"column":77}},"51":{"start":{"line":52,"column":0},"end":{"line":52,"column":13}},"52":{"start":{"line":53,"column":0},"end":{"line":53,"column":44}},"53":{"start":{"line":54,"column":0},"end":{"line":54,"column":47}},"54":{"start":{"line":55,"column":0},"end":{"line":55,"column":66}},"55":{"start":{"line":56,"column":0},"end":{"line":56,"column":15}},"56":{"start":{"line":57,"column":0},"end":{"line":57,"column":13}},"57":{"start":{"line":58,"column":0},"end":{"line":58,"column":43}},"58":{"start":{"line":59,"column":0},"end":{"line":59,"column":47}},"59":{"start":{"line":60,"column":0},"end":{"line":60,"column":66}},"60":{"start":{"line":61,"column":0},"end":{"line":61,"column":15}},"61":{"start":{"line":62,"column":0},"end":{"line":62,"column":13}},"62":{"start":{"line":63,"column":0},"end":{"line":63,"column":11}},"63":{"start":{"line":64,"column":0},"end":{"line":64,"column":9}},"64":{"start":{"line":65,"column":0},"end":{"line":65,"column":7}},"65":{"start":{"line":66,"column":0},"end":{"line":66,"column":63}},"66":{"start":{"line":67,"column":0},"end":{"line":67,"column":56}},"67":{"start":{"line":68,"column":0},"end":{"line":68,"column":7}},"68":{"start":{"line":69,"column":0},"end":{"line":69,"column":37}},"69":{"start":{"line":70,"column":0},"end":{"line":70,"column":48}},"70":{"start":{"line":71,"column":0},"end":{"line":71,"column":14}},"71":{"start":{"line":72,"column":0},"end":{"line":72,"column":77}},"72":{"start":{"line":73,"column":0},"end":{"line":73,"column":13}},"73":{"start":{"line":74,"column":0},"end":{"line":74,"column":44}},"74":{"start":{"line":75,"column":0},"end":{"line":75,"column":71}},"75":{"start":{"line":76,"column":0},"end":{"line":76,"column":66}},"76":{"start":{"line":77,"column":0},"end":{"line":77,"column":15}},"77":{"start":{"line":78,"column":0},"end":{"line":78,"column":13}},"78":{"start":{"line":79,"column":0},"end":{"line":79,"column":18}},"79":{"start":{"line":80,"column":0},"end":{"line":80,"column":35}},"80":{"start":{"line":81,"column":0},"end":{"line":81,"column":60}},"81":{"start":{"line":82,"column":0},"end":{"line":82,"column":11}},"82":{"start":{"line":83,"column":0},"end":{"line":83,"column":16}},"83":{"start":{"line":84,"column":0},"end":{"line":84,"column":43}},"84":{"start":{"line":85,"column":0},"end":{"line":85,"column":62}},"85":{"start":{"line":86,"column":0},"end":{"line":86,"column":11}},"86":{"start":{"line":87,"column":0},"end":{"line":87,"column":9}},"87":{"start":{"line":88,"column":0},"end":{"line":88,"column":7}},"88":{"start":{"line":89,"column":0},"end":{"line":89,"column":5}},"89":{"start":{"line":90,"column":0},"end":{"line":90,"column":0}},"90":{"start":{"line":91,"column":0},"end":{"line":91,"column":22}},"91":{"start":{"line":92,"column":0},"end":{"line":92,"column":3}},"92":{"start":{"line":93,"column":0},"end":{"line":93,"column":1}}},"s":{"0":2,"1":2,"2":2,"3":2,"4":2,"5":2,"6":14,"7":14,"8":14,"9":14,"10":2,"11":1,"12":2,"13":2,"14":2,"15":2,"16":6,"17":6,"18":5,"19":5,"20":5,"21":5,"22":5,"23":5,"24":6,"25":4,"26":4,"27":4,"28":4,"29":4,"30":4,"31":6,"32":3,"33":3,"34":2,"35":2,"36":32,"37":280,"38":280,"39":249,"40":280,"41":156,"42":88,"43":26,"44":26,"45":88,"46":280,"47":124,"48":103,"49":103,"50":103,"51":103,"52":77,"53":72,"54":70,"55":70,"56":72,"57":77,"58":66,"59":65,"60":65,"61":66,"62":77,"63":103,"64":124,"65":280,"66":218,"67":218,"68":280,"69":199,"70":170,"71":170,"72":170,"73":107,"74":38,"75":7,"76":7,"77":38,"78":170,"79":63,"80":63,"81":63,"82":199,"83":29,"84":24,"85":24,"86":29,"87":199,"88":280,"89":32,"90":32,"91":32,"92":2},"branchMap":{"0":{"type":"branch","line":1,"loc":{"start":{"line":1,"column":0},"end":{"line":11,"column":1}},"locations":[{"start":{"line":1,"column":0},"end":{"line":11,"column":1}}]},"1":{"type":"branch","line":6,"loc":{"start":{"line":6,"column":2},"end":{"line":10,"column":3}},"locations":[{"start":{"line":6,"column":2},"end":{"line":10,"column":3}}]},"2":{"type":"branch","line":13,"loc":{"start":{"line":13,"column":0},"end":{"line":93,"column":1}},"locations":[{"start":{"line":13,"column":0},"end":{"line":93,"column":1}}]},"3":{"type":"branch","line":16,"loc":{"start":{"line":16,"column":2},"end":{"line":34,"column":3}},"locations":[{"start":{"line":16,"column":2},"end":{"line":34,"column":3}}]},"4":{"type":"branch","line":16,"loc":{"start":{"line":16,"column":14},"end":{"line":16,"column":42}},"locations":[{"start":{"line":16,"column":14},"end":{"line":16,"column":42}}]},"5":{"type":"branch","line":18,"loc":{"start":{"line":18,"column":6},"end":{"line":18,"column":57}},"locations":[{"start":{"line":18,"column":6},"end":{"line":18,"column":57}}]},"6":{"type":"branch","line":19,"loc":{"start":{"line":19,"column":-1},"end":{"line":25,"column":12}},"locations":[{"start":{"line":19,"column":-1},"end":{"line":25,"column":12}}]},"7":{"type":"branch","line":25,"loc":{"start":{"line":25,"column":6},"end":{"line":25,"column":73}},"locations":[{"start":{"line":25,"column":6},"end":{"line":25,"column":73}}]},"8":{"type":"branch","line":26,"loc":{"start":{"line":26,"column":-1},"end":{"line":32,"column":12}},"locations":[{"start":{"line":26,"column":-1},"end":{"line":32,"column":12}}]},"9":{"type":"branch","line":32,"loc":{"start":{"line":32,"column":6},"end":{"line":34,"column":3}},"locations":[{"start":{"line":32,"column":6},"end":{"line":34,"column":3}}]},"10":{"type":"branch","line":32,"loc":{"start":{"line":32,"column":6},"end":{"line":32,"column":76}},"locations":[{"start":{"line":32,"column":6},"end":{"line":32,"column":76}}]},"11":{"type":"branch","line":17,"loc":{"start":{"line":17,"column":19},"end":{"line":17,"column":33}},"locations":[{"start":{"line":17,"column":19},"end":{"line":17,"column":33}}]},"12":{"type":"branch","line":21,"loc":{"start":{"line":21,"column":8},"end":{"line":22,"column":14}},"locations":[{"start":{"line":21,"column":8},"end":{"line":22,"column":14}}]},"13":{"type":"branch","line":22,"loc":{"start":{"line":22,"column":52},"end":{"line":22,"column":73}},"locations":[{"start":{"line":22,"column":52},"end":{"line":22,"column":73}}]},"14":{"type":"branch","line":28,"loc":{"start":{"line":28,"column":8},"end":{"line":29,"column":14}},"locations":[{"start":{"line":28,"column":8},"end":{"line":29,"column":14}}]},"15":{"type":"branch","line":29,"loc":{"start":{"line":29,"column":52},"end":{"line":29,"column":75}},"locations":[{"start":{"line":29,"column":52},"end":{"line":29,"column":75}}]},"16":{"type":"branch","line":36,"loc":{"start":{"line":36,"column":2},"end":{"line":92,"column":3}},"locations":[{"start":{"line":36,"column":2},"end":{"line":92,"column":3}}]},"17":{"type":"branch","line":37,"loc":{"start":{"line":37,"column":48},"end":{"line":89,"column":5}},"locations":[{"start":{"line":37,"column":48},"end":{"line":89,"column":5}}]},"18":{"type":"branch","line":39,"loc":{"start":{"line":39,"column":41},"end":{"line":40,"column":73}},"locations":[{"start":{"line":39,"column":41},"end":{"line":40,"column":73}}]},"19":{"type":"branch","line":41,"loc":{"start":{"line":41,"column":8},"end":{"line":47,"column":7}},"locations":[{"start":{"line":41,"column":8},"end":{"line":47,"column":7}}]},"20":{"type":"branch","line":42,"loc":{"start":{"line":42,"column":39},"end":{"line":46,"column":9}},"locations":[{"start":{"line":42,"column":39},"end":{"line":46,"column":9}}]},"21":{"type":"branch","line":43,"loc":{"start":{"line":43,"column":66},"end":{"line":45,"column":11}},"locations":[{"start":{"line":43,"column":66},"end":{"line":45,"column":11}}]},"22":{"type":"branch","line":47,"loc":{"start":{"line":47,"column":7},"end":{"line":65,"column":7}},"locations":[{"start":{"line":47,"column":7},"end":{"line":65,"column":7}}]},"23":{"type":"branch","line":48,"loc":{"start":{"line":48,"column":40},"end":{"line":64,"column":9}},"locations":[{"start":{"line":48,"column":40},"end":{"line":64,"column":9}}]},"24":{"type":"branch","line":52,"loc":{"start":{"line":52,"column":12},"end":{"line":63,"column":11}},"locations":[{"start":{"line":52,"column":12},"end":{"line":63,"column":11}}]},"25":{"type":"branch","line":53,"loc":{"start":{"line":53,"column":43},"end":{"line":57,"column":13}},"locations":[{"start":{"line":53,"column":43},"end":{"line":57,"column":13}}]},"26":{"type":"branch","line":54,"loc":{"start":{"line":54,"column":46},"end":{"line":56,"column":15}},"locations":[{"start":{"line":54,"column":46},"end":{"line":56,"column":15}}]},"27":{"type":"branch","line":58,"loc":{"start":{"line":58,"column":42},"end":{"line":62,"column":13}},"locations":[{"start":{"line":58,"column":42},"end":{"line":62,"column":13}}]},"28":{"type":"branch","line":59,"loc":{"start":{"line":59,"column":46},"end":{"line":61,"column":15}},"locations":[{"start":{"line":59,"column":46},"end":{"line":61,"column":15}}]},"29":{"type":"branch","line":66,"loc":{"start":{"line":66,"column":62},"end":{"line":68,"column":7}},"locations":[{"start":{"line":66,"column":62},"end":{"line":68,"column":7}}]},"30":{"type":"branch","line":69,"loc":{"start":{"line":69,"column":36},"end":{"line":88,"column":7}},"locations":[{"start":{"line":69,"column":36},"end":{"line":88,"column":7}}]},"31":{"type":"branch","line":70,"loc":{"start":{"line":70,"column":47},"end":{"line":83,"column":9}},"locations":[{"start":{"line":70,"column":47},"end":{"line":83,"column":9}}]},"32":{"type":"branch","line":73,"loc":{"start":{"line":73,"column":12},"end":{"line":79,"column":11}},"locations":[{"start":{"line":73,"column":12},"end":{"line":79,"column":11}}]},"33":{"type":"branch","line":74,"loc":{"start":{"line":74,"column":43},"end":{"line":78,"column":13}},"locations":[{"start":{"line":74,"column":43},"end":{"line":78,"column":13}}]},"34":{"type":"branch","line":75,"loc":{"start":{"line":75,"column":70},"end":{"line":77,"column":15}},"locations":[{"start":{"line":75,"column":70},"end":{"line":77,"column":15}}]},"35":{"type":"branch","line":79,"loc":{"start":{"line":79,"column":11},"end":{"line":82,"column":11}},"locations":[{"start":{"line":79,"column":11},"end":{"line":82,"column":11}}]},"36":{"type":"branch","line":83,"loc":{"start":{"line":83,"column":9},"end":{"line":87,"column":9}},"locations":[{"start":{"line":83,"column":9},"end":{"line":87,"column":9}}]},"37":{"type":"branch","line":84,"loc":{"start":{"line":84,"column":42},"end":{"line":86,"column":11}},"locations":[{"start":{"line":84,"column":42},"end":{"line":86,"column":11}}]}},"b":{"0":[2],"1":[14],"2":[2],"3":[6],"4":[0],"5":[1],"6":[5],"7":[1],"8":[4],"9":[3],"10":[1],"11":[14],"12":[13],"13":[10],"14":[12],"15":[3],"16":[32],"17":[280],"18":[249],"19":[156],"20":[88],"21":[26],"22":[124],"23":[103],"24":[77],"25":[72],"26":[70],"27":[66],"28":[65],"29":[218],"30":[199],"31":[170],"32":[107],"33":[38],"34":[7],"35":[63],"36":[29],"37":[24]},"fnMap":{"0":{"name":"Item","decl":{"start":{"line":6,"column":2},"end":{"line":10,"column":3}},"loc":{"start":{"line":6,"column":2},"end":{"line":10,"column":3}},"line":6},"1":{"name":"GildedRose","decl":{"start":{"line":16,"column":2},"end":{"line":34,"column":3}},"loc":{"start":{"line":16,"column":2},"end":{"line":34,"column":3}},"line":16},"2":{"name":"Object.<anonymous>.GildedRose.updateQuality","decl":{"start":{"line":36,"column":2},"end":{"line":92,"column":3}},"loc":{"start":{"line":36,"column":2},"end":{"line":92,"column":3}},"line":36}},"f":{"0":14,"1":6,"2":32}}
,"/home/mert/Projects/MertProjects/GildedRose/test/golden-master-text-test.ts": {"path":"/home/mert/Projects/MertProjects/GildedRose/test/golden-master-text-test.ts","all":false,"statementMap":{"0":{"start":{"line":1,"column":0},"end":{"line":1,"column":54}},"1":{"start":{"line":2,"column":0},"end":{"line":2,"column":0}},"2":{"start":{"line":3,"column":0},"end":{"line":3,"column":22}},"3":{"start":{"line":4,"column":0},"end":{"line":4,"column":0}},"4":{"start":{"line":5,"column":0},"end":{"line":5,"column":15}},"5":{"start":{"line":6,"column":0},"end":{"line":6,"column":43}},"6":{"start":{"line":7,"column":0},"end":{"line":7,"column":33}},"7":{"start":{"line":8,"column":0},"end":{"line":8,"column":46}},"8":{"start":{"line":9,"column":0},"end":{"line":9,"column":51}},"9":{"start":{"line":10,"column":0},"end":{"line":10,"column":49}},"10":{"start":{"line":11,"column":0},"end":{"line":11,"column":64}},"11":{"start":{"line":12,"column":0},"end":{"line":12,"column":64}},"12":{"start":{"line":13,"column":0},"end":{"line":13,"column":63}},"13":{"start":{"line":14,"column":0},"end":{"line":14,"column":50}},"14":{"start":{"line":15,"column":0},"end":{"line":15,"column":40}},"15":{"start":{"line":16,"column":0},"end":{"line":16,"column":0}},"16":{"start":{"line":17,"column":0},"end":{"line":17,"column":0}},"17":{"start":{"line":18,"column":0},"end":{"line":18,"column":41}},"18":{"start":{"line":19,"column":0},"end":{"line":19,"column":0}},"19":{"start":{"line":20,"column":0},"end":{"line":20,"column":21}},"20":{"start":{"line":21,"column":0},"end":{"line":21,"column":30}},"21":{"start":{"line":22,"column":0},"end":{"line":22,"column":28}},"22":{"start":{"line":23,"column":0},"end":{"line":23,"column":3}},"23":{"start":{"line":24,"column":0},"end":{"line":24,"column":0}},"24":{"start":{"line":25,"column":0},"end":{"line":25,"column":36}},"25":{"start":{"line":26,"column":0},"end":{"line":26,"column":49}},"26":{"start":{"line":27,"column":0},"end":{"line":27,"column":39}},"27":{"start":{"line":28,"column":0},"end":{"line":28,"column":28}},"28":{"start":{"line":29,"column":0},"end":{"line":29,"column":79}},"29":{"start":{"line":30,"column":0},"end":{"line":30,"column":0}},"30":{"start":{"line":31,"column":0},"end":{"line":31,"column":5}},"31":{"start":{"line":32,"column":0},"end":{"line":32,"column":16}},"32":{"start":{"line":33,"column":0},"end":{"line":33,"column":29}},"33":{"start":{"line":34,"column":0},"end":{"line":34,"column":1}}},"s":{"0":1,"1":1,"2":1,"3":1,"4":1,"5":1,"6":1,"7":1,"8":1,"9":1,"10":1,"11":1,"12":1,"13":1,"14":1,"15":1,"16":1,"17":1,"18":1,"19":1,"20":1,"21":1,"22":1,"23":1,"24":1,"25":31,"26":31,"27":31,"28":279,"29":279,"30":31,"31":31,"32":31,"33":31},"branchMap":{"0":{"type":"branch","line":25,"loc":{"start":{"line":25,"column":35},"end":{"line":34,"column":1}},"locations":[{"start":{"line":25,"column":35},"end":{"line":34,"column":1}}]},"1":{"type":"branch","line":28,"loc":{"start":{"line":28,"column":16},"end":{"line":31,"column":3}},"locations":[{"start":{"line":28,"column":16},"end":{"line":31,"column":3}}]}},"b":{"0":[31],"1":[279]},"fnMap":{},"f":{}}
}
