TN:
SF:app/gilded-rose.ts
FN:6,Item
FN:16,GildedRose
FN:36,Object.<anonymous>.GildedRose.updateQuality
FNF:3
FNH:3
FNDA:14,Item
FNDA:6,GildedRose
FNDA:32,Object.<anonymous>.GildedRose.updateQuality
DA:1,2
DA:2,2
DA:3,2
DA:4,2
DA:5,2
DA:6,2
DA:7,14
DA:8,14
DA:9,14
DA:10,14
DA:11,2
DA:12,1
DA:13,2
DA:14,2
DA:15,2
DA:16,2
DA:17,6
DA:18,6
DA:19,5
DA:20,5
DA:21,5
DA:22,5
DA:23,5
DA:24,5
DA:25,6
DA:26,4
DA:27,4
DA:28,4
DA:29,4
DA:30,4
DA:31,4
DA:32,6
DA:33,3
DA:34,3
DA:35,2
DA:36,2
DA:37,32
DA:38,280
DA:39,280
DA:40,249
DA:41,280
DA:42,156
DA:43,88
DA:44,26
DA:45,26
DA:46,88
DA:47,280
DA:48,124
DA:49,103
DA:50,103
DA:51,103
DA:52,103
DA:53,77
DA:54,72
DA:55,70
DA:56,70
DA:57,72
DA:58,77
DA:59,66
DA:60,65
DA:61,65
DA:62,66
DA:63,77
DA:64,103
DA:65,124
DA:66,280
DA:67,218
DA:68,218
DA:69,280
DA:70,199
DA:71,170
DA:72,170
DA:73,170
DA:74,107
DA:75,38
DA:76,7
DA:77,7
DA:78,38
DA:79,170
DA:80,63
DA:81,63
DA:82,63
DA:83,199
DA:84,29
DA:85,24
DA:86,24
DA:87,29
DA:88,199
DA:89,280
DA:90,32
DA:91,32
DA:92,32
DA:93,2
LF:93
LH:93
BRDA:1,0,0,2
BRDA:6,1,0,14
BRDA:13,2,0,2
BRDA:16,3,0,6
BRDA:16,4,0,0
BRDA:18,5,0,1
BRDA:19,6,0,5
BRDA:25,7,0,1
BRDA:26,8,0,4
BRDA:32,9,0,3
BRDA:32,10,0,1
BRDA:17,11,0,14
BRDA:21,12,0,13
BRDA:22,13,0,10
BRDA:28,14,0,12
BRDA:29,15,0,3
BRDA:36,16,0,32
BRDA:37,17,0,280
BRDA:39,18,0,249
BRDA:41,19,0,156
BRDA:42,20,0,88
BRDA:43,21,0,26
BRDA:47,22,0,124
BRDA:48,23,0,103
BRDA:52,24,0,77
BRDA:53,25,0,72
BRDA:54,26,0,70
BRDA:58,27,0,66
BRDA:59,28,0,65
BRDA:66,29,0,218
BRDA:69,30,0,199
BRDA:70,31,0,170
BRDA:73,32,0,107
BRDA:74,33,0,38
BRDA:75,34,0,7
BRDA:79,35,0,63
BRDA:83,36,0,29
BRDA:84,37,0,24
BRF:38
BRH:37
end_of_record
TN:
SF:test/golden-master-text-test.ts
FNF:0
FNH:0
DA:1,1
DA:2,1
DA:3,1
DA:4,1
DA:5,1
DA:6,1
DA:7,1
DA:8,1
DA:9,1
DA:10,1
DA:11,1
DA:12,1
DA:13,1
DA:14,1
DA:15,1
DA:16,1
DA:17,1
DA:18,1
DA:19,1
DA:20,1
DA:21,1
DA:22,1
DA:23,1
DA:24,1
DA:25,1
DA:26,31
DA:27,31
DA:28,31
DA:29,279
DA:30,279
DA:31,31
DA:32,31
DA:33,31
DA:34,31
LF:34
LH:34
BRDA:25,0,0,31
BRDA:28,1,0,279
BRF:2
BRH:2
end_of_record
